<?xml version="1.0" encoding="UTF-8"?>
<testng-results skipped="0" failed="0" total="1" passed="1">
  <reporter-output>
  </reporter-output>
  <suite name="softwaretestingmaterial" duration-ms="5908" started-at="2017-10-13T03:53:35Z" finished-at="2017-10-13T03:53:41Z">
    <groups>
    </groups>
    <test name="testngTest" duration-ms="5908" started-at="2017-10-13T03:53:35Z" finished-at="2017-10-13T03:53:41Z">
      <class name="Tests.NewTest">
        <test-method status="PASS" signature="openGoogle()[pri:0, instance:Tests.NewTest@7a0ac6e3]" name="openGoogle" duration-ms="5887" started-at="2017-10-12T23:53:35Z" finished-at="2017-10-12T23:53:41Z">
          <reporter-output>
          </reporter-output>
        </test-method> <!-- openGoogle -->
      </class> <!-- Tests.NewTest -->
    </test> <!-- testngTest -->
  </suite> <!-- softwaretestingmaterial -->
</testng-results>
