<?xml version="1.0" encoding="UTF-8"?>
<testng-results skipped="0" failed="0" ignored="0" total="1" passed="1">
  <reporter-output>
  </reporter-output>
  <suite name="softwaretestingmaterial" duration-ms="5612" started-at="2017-10-13T04:24:18Z" finished-at="2017-10-13T04:24:24Z">
    <groups>
    </groups>
    <test name="testngTest" duration-ms="5612" started-at="2017-10-13T04:24:18Z" finished-at="2017-10-13T04:24:24Z">
      <class name="Tests.NewTest">
        <test-method status="PASS" signature="openGoogle()[pri:0, instance:Tests.NewTest@224edc67]" name="openGoogle" duration-ms="5591" started-at="2017-10-13T00:24:18Z" finished-at="2017-10-13T00:24:24Z">
          <reporter-output>
          </reporter-output>
        </test-method> <!-- openGoogle -->
      </class> <!-- Tests.NewTest -->
    </test> <!-- testngTest -->
  </suite> <!-- softwaretestingmaterial -->
</testng-results>
